2023-05-21 19:28:29,402 =============================================================
2023-05-21 19:28:29,402 =============================================================
2023-05-21 19:28:29,402 Today is 2023-05-21 at 07:28 PM
2023-05-21 19:28:29,426 This file is running on: nt Windows 10
2023-05-21 19:28:29,426 The Python version is: 3.10.8
2023-05-21 19:28:29,426 The active conda environment is:  None
2023-05-21 19:28:29,426 The active pip environment is:    None
2023-05-21 19:28:29,426 The active environment path is:   C:\Users\14029\miniconda3
2023-05-21 19:28:29,426 The current working directory is: C:\Users\14029\Desktop\Data Analystics\datafun-02-functions-1
2023-05-21 19:28:29,434 This source file is in:           c:\Users\14029\Desktop\Data Analystics\datafun-02-functions-1
2023-05-21 19:28:29,434 =============================================================
2023-05-21 19:28:29,434 =============================================================
2023-05-21 19:28:29,434 Created: NumericWeatherSeries with name=Monday Temperatures, units=F, location=Maryville MO, and 5 data points: [55.8, 63.4, 72.4, 78, 76.3]
2023-05-21 19:28:29,434 Created: NumericWeatherSeries with name=Tuesday Temperatures, units=F, location=Maryville MO, and 7 data points: [66.2, 67.2, 55.8, 63.4, 72.4, 73.1, 76.3]
2023-05-21 19:28:29,434 Created: NumericWeatherSeries with name=Wednesday Temperatures, units=F, location=Maryville MO, and 13 data points: [66, 67, 68, 69, 70, 71, 72, 73, 74, 75, 76, 77, 78]
2023-05-21 19:28:29,434 NumericWeatherSeries with name=Monday Temperatures, units=F, location=Maryville MO, and 5 data points: [55.8, 63.4, 72.4, 78, 76.3]
2023-05-21 19:28:29,434 Count: 5
2023-05-21 19:28:29,434 Sum: 345.90000000000003
2023-05-21 19:28:29,434 Mean: 69.18
2023-05-21 19:28:29,434 Median: 72.4
2023-05-21 19:28:29,434 ------------------
2023-05-21 19:28:29,434 NumericWeatherSeries with name=Tuesday Temperatures, units=F, location=Maryville MO, and 7 data points: [66.2, 67.2, 55.8, 63.4, 72.4, 73.1, 76.3]
2023-05-21 19:28:29,434 Count: 7
2023-05-21 19:28:29,434 Sum: 474.40000000000003
2023-05-21 19:28:29,434 Mean: 67.77142857142857
2023-05-21 19:28:29,434 Median: 67.2
2023-05-21 19:28:29,434 ------------------
2023-05-21 19:28:29,434 NumericWeatherSeries with name=Wednesday Temperatures, units=F, location=Maryville MO, and 13 data points: [66, 67, 68, 69, 70, 71, 72, 73, 74, 75, 76, 77, 78]
2023-05-21 19:28:29,434 Count: 13
2023-05-21 19:28:29,434 Sum: 936
2023-05-21 19:28:29,434 Mean: 72.0
2023-05-21 19:28:29,434 Median: 72
2023-05-21 19:28:29,434 ------------------
