2023-05-21 19:29:12,169 =============================================================
2023-05-21 19:29:12,169 =============================================================
2023-05-21 19:29:12,169 Today is 2023-05-21 at 07:29 PM
2023-05-21 19:29:12,189 This file is running on: nt Windows 10
2023-05-21 19:29:12,189 The Python version is: 3.10.8
2023-05-21 19:29:12,189 The active conda environment is:  None
2023-05-21 19:29:12,189 The active pip environment is:    None
2023-05-21 19:29:12,189 The active environment path is:   C:\Users\14029\miniconda3
2023-05-21 19:29:12,189 The current working directory is: C:\Users\14029\Desktop\Data Analystics\datafun-02-functions-1
2023-05-21 19:29:12,192 This source file is in:           c:\Users\14029\Desktop\Data Analystics\datafun-02-functions-1
2023-05-21 19:29:12,192 =============================================================
2023-05-21 19:29:12,192 =============================================================
2023-05-21 19:29:12,192 Explore some functions in the math module
2023-05-21 19:29:12,192 math.comb(5,1) = 5
2023-05-21 19:29:12,192 math.perm(5,1) = 5
2023-05-21 19:29:12,192 math.comb(5,3) = 10
2023-05-21 19:29:12,192 math.perm(5,3) = 60
2023-05-21 19:29:12,192 math.pi = 3.141592653589793
2023-05-21 19:29:12,192 math.degrees(2 * math.pi) = 360.0
2023-05-21 19:29:12,192 math.radians(180)         = 3.141592653589793
2023-05-21 19:29:12,192 
2023-05-21 19:29:12,192 TRY: Call get_circle_area_given_radius() function with a different values.
2023-05-21 19:29:12,192 CALLING get_circle_area(5)
2023-05-21 19:29:12,192 The circle area is 31.41592653589793
2023-05-21 19:29:12,192 CALLING get_circle_area(-16)
2023-05-21 19:29:12,192 The circle area is -100.53096491487338
2023-05-21 19:29:12,192 CALLING get_circle_area(inf)
2023-05-21 19:29:12,192 The circle area is inf
2023-05-21 19:29:12,192 CALLING get_circle_area(five)
2023-05-21 19:29:12,192 Error: can't multiply sequence by non-int of type 'float'
2023-05-21 19:29:12,201 
2023-05-21 19:29:12,201 TRY: Call get_circle_areas_given_list() function with a list of GOOD values
2023-05-21 19:29:12,201 CALLING get_circle_area([5, 10, 25, 30, 45, 50])
2023-05-21 19:29:12,201 CALLING get_circle_area(5)
2023-05-21 19:29:12,201 The circle area is 31.41592653589793
2023-05-21 19:29:12,201 r = 5, area=31.41592653589793
2023-05-21 19:29:12,201 CALLING get_circle_area(10)
2023-05-21 19:29:12,201 The circle area is 62.83185307179586
2023-05-21 19:29:12,201 r = 10, area=62.83185307179586
2023-05-21 19:29:12,201 CALLING get_circle_area(25)
2023-05-21 19:29:12,201 The circle area is 157.07963267948966
2023-05-21 19:29:12,201 r = 25, area=157.07963267948966
2023-05-21 19:29:12,201 CALLING get_circle_area(30)
2023-05-21 19:29:12,201 The circle area is 188.49555921538757
2023-05-21 19:29:12,201 r = 30, area=188.49555921538757
2023-05-21 19:29:12,201 CALLING get_circle_area(45)
2023-05-21 19:29:12,201 The circle area is 282.7433388230814
2023-05-21 19:29:12,201 r = 45, area=282.7433388230814
2023-05-21 19:29:12,201 CALLING get_circle_area(50)
2023-05-21 19:29:12,201 The circle area is 314.1592653589793
2023-05-21 19:29:12,201 r = 50, area=314.1592653589793
2023-05-21 19:29:12,201 
2023-05-21 19:29:12,201 TRY: Call get_circle_areas_given_list() function with a list that may include BAD values
2023-05-21 19:29:12,201 CALLING get_circle_area([-5, 0, inf, '30'])
2023-05-21 19:29:12,201 CALLING get_circle_area(-5)
2023-05-21 19:29:12,201 The circle area is -31.41592653589793
2023-05-21 19:29:12,201 r = -5, area=-31.41592653589793
2023-05-21 19:29:12,201 CALLING get_circle_area(0)
2023-05-21 19:29:12,201 The circle area is 0.0
2023-05-21 19:29:12,201 r = 0, area=0.0
2023-05-21 19:29:12,203 CALLING get_circle_area(inf)
2023-05-21 19:29:12,203 The circle area is inf
2023-05-21 19:29:12,203 r = inf, area=inf
2023-05-21 19:29:12,203 CALLING get_circle_area(30)
2023-05-21 19:29:12,203 Error: can't multiply sequence by non-int of type 'float'
2023-05-21 19:29:12,203 r = 30, area=None
